    Blocking waiting for file lock on package cache
    Blocking waiting for file lock on package cache
    Blocking waiting for file lock on package cache
    Blocking waiting for file lock on build directory
   Compiling shared v0.1.0 (/home/alexandr/Рабочий стол/identification/shared)
   Compiling vision-worker v0.1.0 (/home/alexandr/Рабочий стол/identification/vision-worker)
    Finished `dev` profile [unoptimized + debuginfo] target(s) in 15.28s
     Running `target/debug/vision-worker`
[2m2026-01-30T16:56:36.488525Z[0m [32m INFO[0m [2mvision_worker[0m[2m:[0m Инициализация Vision Worker...
[2m2026-01-30T16:56:36.508600Z[0m [32m INFO[0m [2mort::logging[0m[2m:[0m Discovered OrtHardwareDevice {vendor_id:0x10de, device_id:0x1d11, vendor:, type:1, metadata: [card_idx=1, ]}
[2m2026-01-30T16:56:36.508650Z[0m [32m INFO[0m [2mort::logging[0m[2m:[0m Discovered OrtHardwareDevice {vendor_id:0x1002, device_id:0x15d8, vendor:, type:1, metadata: [card_idx=2, ]}
[2m2026-01-30T16:56:36.508667Z[0m [32m INFO[0m [2mort::logging[0m[2m:[0m Discovered OrtHardwareDevice {vendor_id:0x1022, device_id:0x0, vendor:AMD, type:0, metadata: []}
[2m2026-01-30T16:56:36.664463Z[0m [31mERROR[0m [2mort::ep[0m[2m:[0m An error occurred when attempting to register `CUDAExecutionProvider`: /home/runner/work/ort-artifacts/ort-artifacts/onnxruntime/onnxruntime/core/session/provider_bridge_ort.cc:1844 Provider &onnxruntime::ProviderLibrary::Get() [ONNXRuntimeError] : 1 : FAIL : Failed to load library libonnxruntime_providers_cuda.so with error: libcurand.so.10: cannot open shared object file: No such file or directory
 [3msource[0m[2m=[0msession options
[2m2026-01-30T16:56:36.664552Z[0m [33m WARN[0m [2mort::ep[0m[2m:[0m No execution providers from session options registered successfully; may fall back to CPU.
[2m2026-01-30T16:56:36.664583Z[0m [32m INFO[0m [2mvision_worker[0m[2m:[0m Попытка загрузки моделей с CUDA...
[2m2026-01-30T16:56:36.664732Z[0m [32m INFO[0m [2mort::logging[0m[2m:[0m Session Options {  execution_mode:0 execution_order:DEFAULT enable_profiling:0 optimized_model_filepath:"" enable_mem_pattern:1 enable_mem_reuse:1 enable_cpu_mem_arena:1 profile_file_prefix:onnxruntime_profile_ session_logid: session_log_severity_level:-1 session_log_verbosity_level:0 max_num_graph_transformation_steps:10 graph_optimization_level:3 intra_op_param:OrtThreadPoolParams { thread_pool_size: 4 auto_set_affinity: 0 allow_spinning: 0 dynamic_block_base_: 0 stack_size: 0 affinity_str:  set_denormal_as_zero: 0 } inter_op_param:OrtThreadPoolParams { thread_pool_size: 0 auto_set_affinity: 0 allow_spinning: 0 dynamic_block_base_: 0 stack_size: 0 affinity_str:  set_denormal_as_zero: 0 } use_per_session_threads:1 thread_pool_allow_spinning:1 use_deterministic_compute:0 ep_selection_policy:0 config_options: {  } }
[2m2026-01-30T16:56:36.664800Z[0m [32m INFO[0m [2mort::logging[0m[2m:[0m Flush-to-zero and denormal-as-zero are off
[2m2026-01-30T16:56:36.664818Z[0m [32m INFO[0m [2mort::logging[0m[2m:[0m Creating and using per session threadpools since use_per_session_threads_ is true
[2m2026-01-30T16:56:36.664839Z[0m [32m INFO[0m [2mort::logging[0m[2m:[0m Dynamic block base set to 0
[2m2026-01-30T16:56:37.296915Z[0m [32m INFO[0m [2mort::logging[0m[2m:[0m Initializing session.
[2m2026-01-30T16:56:37.297002Z[0m [32m INFO[0m [2mort::logging[0m[2m:[0m Adding default CPU execution provider.
[2m2026-01-30T16:56:37.297092Z[0m [32m INFO[0m [2mort::logging[0m[2m:[0m Creating BFCArena for Cpu with following configs: initial_chunk_size_bytes: 1048576 max_dead_bytes_per_chunk: 134217728 initial_growth_chunk_size_bytes: 2097152 max_power_of_two_extend_bytes: 1073741824 memory limit: 18446744073709551615 arena_extend_strategy: 0
[2m2026-01-30T16:56:37.301427Z[0m [32m INFO[0m [2mort::logging[0m[2m:[0m This model does not have any local functions defined. AOT Inlining is not performed
[2m2026-01-30T16:56:37.301705Z[0m [32m INFO[0m [2mort::logging[0m[2m:[0m GraphTransformer EnsureUniqueDQForNodeUnit modified: 0 with status: OK
[2m2026-01-30T16:56:37.301942Z[0m [32m INFO[0m [2mort::logging[0m[2m:[0m GraphTransformer Level1_RuleBasedTransformer modified: 0 with status: OK
[2m2026-01-30T16:56:37.304263Z[0m [32m INFO[0m [2mort::logging[0m[2m:[0m GraphTransformer DoubleQDQPairsRemover modified: 0 with status: OK
[2m2026-01-30T16:56:37.304613Z[0m [32m INFO[0m [2mort::logging[0m[2m:[0m GraphTransformer ConstantSharing modified: 0 with status: OK
[2m2026-01-30T16:56:37.305358Z[0m [32m INFO[0m [2mort::logging[0m[2m:[0m GraphTransformer CommonSubexpressionElimination modified: 0 with status: OK
[2m2026-01-30T16:56:37.305548Z[0m [32m INFO[0m [2mort::logging[0m[2m:[0m GraphTransformer ConstantFolding modified: 0 with status: OK
[2m2026-01-30T16:56:37.305655Z[0m [32m INFO[0m [2mort::logging[0m[2m:[0m GraphTransformer MatMulAddFusion modified: 1 with status: OK
[2m2026-01-30T16:56:37.307678Z[0m [32m INFO[0m [2mort::logging[0m[2m:[0m GraphTransformer ReshapeFusion modified: 0 with status: OK
[2m2026-01-30T16:56:37.307778Z[0m [32m INFO[0m [2mort::logging[0m[2m:[0m GraphTransformer FreeDimensionOverrideTransformer modified: 0 with status: OK
[2m2026-01-30T16:56:37.307819Z[0m [32m INFO[0m [2mort::logging[0m[2m:[0m GraphTransformer GeluFusionL1 modified: 0 with status: OK
[2m2026-01-30T16:56:37.307854Z[0m [32m INFO[0m [2mort::logging[0m[2m:[0m GraphTransformer LayerNormFusionL1 modified: 0 with status: OK
[2m2026-01-30T16:56:37.307982Z[0m [32m INFO[0m [2mort::logging[0m[2m:[0m GraphTransformer QDQPropagationTransformer modified: 0 with status: OK
[2m2026-01-30T16:56:37.308168Z[0m [32m INFO[0m [2mort::logging[0m[2m:[0m GraphTransformer WeightBiasQuantization modified: 0 with status: OK
[2m2026-01-30T16:56:37.308294Z[0m [32m INFO[0m [2mort::logging[0m[2m:[0m GraphTransformer EnsureUniqueDQForNodeUnit modified: 0 with status: OK
[2m2026-01-30T16:56:37.308412Z[0m [32m INFO[0m [2mort::logging[0m[2m:[0m GraphTransformer RocmBlasAltImpl modified: 0 with status: OK
[2m2026-01-30T16:56:37.308781Z[0m [32m INFO[0m [2mort::logging[0m[2m:[0m GraphTransformer TransposeOptimizer modified: 0 with status: OK
[2m2026-01-30T16:56:37.308880Z[0m [32m INFO[0m [2mort::logging[0m[2m:[0m GraphTransformer Level1_RuleBasedTransformer modified: 0 with status: OK
[2m2026-01-30T16:56:37.308936Z[0m [32m INFO[0m [2mort::logging[0m[2m:[0m GraphTransformer DoubleQDQPairsRemover modified: 0 with status: OK
[2m2026-01-30T16:56:37.309202Z[0m [32m INFO[0m [2mort::logging[0m[2m:[0m GraphTransformer CommonSubexpressionElimination modified: 0 with status: OK
[2m2026-01-30T16:56:37.309283Z[0m [32m INFO[0m [2mort::logging[0m[2m:[0m GraphTransformer ConstantFolding modified: 0 with status: OK
[2m2026-01-30T16:56:37.309337Z[0m [32m INFO[0m [2mort::logging[0m[2m:[0m GraphTransformer MatMulAddFusion modified: 0 with status: OK
[2m2026-01-30T16:56:37.309390Z[0m [32m INFO[0m [2mort::logging[0m[2m:[0m GraphTransformer ReshapeFusion modified: 0 with status: OK
[2m2026-01-30T16:56:37.309411Z[0m [32m INFO[0m [2mort::logging[0m[2m:[0m GraphTransformer FreeDimensionOverrideTransformer modified: 0 with status: OK
[2m2026-01-30T16:56:37.309427Z[0m [32m INFO[0m [2mort::logging[0m[2m:[0m GraphTransformer GeluFusionL1 modified: 0 with status: OK
[2m2026-01-30T16:56:37.309443Z[0m [32m INFO[0m [2mort::logging[0m[2m:[0m GraphTransformer LayerNormFusionL1 modified: 0 with status: OK
[2m2026-01-30T16:56:37.309497Z[0m [32m INFO[0m [2mort::logging[0m[2m:[0m GraphTransformer QDQPropagationTransformer modified: 0 with status: OK
[2m2026-01-30T16:56:37.309558Z[0m [32m INFO[0m [2mort::logging[0m[2m:[0m GraphTransformer WeightBiasQuantization modified: 0 with status: OK
[2m2026-01-30T16:56:37.309612Z[0m [32m INFO[0m [2mort::logging[0m[2m:[0m GraphTransformer EnsureUniqueDQForNodeUnit modified: 0 with status: OK
[2m2026-01-30T16:56:37.309670Z[0m [32m INFO[0m [2mort::logging[0m[2m:[0m GraphTransformer RocmBlasAltImpl modified: 0 with status: OK
[2m2026-01-30T16:56:37.422428Z[0m [32m INFO[0m [2mort::logging[0m[2m:[0m Running graph optimizations in loop 1 time/s (Graph Optimizations Loop Level : 1)
[2m2026-01-30T16:56:37.422556Z[0m [32m INFO[0m [2mort::logging[0m[2m:[0m GraphTransformer Level2_RuleBasedTransformer modified: 0 with status: OK
[2m2026-01-30T16:56:37.422801Z[0m [32m INFO[0m [2mort::logging[0m[2m:[0m GraphTransformer TransposeOptimizer_CPUExecutionProvider modified: 0 with status: OK
[2m2026-01-30T16:56:37.422867Z[0m [32m INFO[0m [2mort::logging[0m[2m:[0m GraphTransformer QDQS8ToU8Transformer modified: 0 with status: OK
[2m2026-01-30T16:56:37.422983Z[0m [32m INFO[0m [2mort::logging[0m[2m:[0m GraphTransformer QDQSelectorActionTransformer modified: 0 with status: OK
[2m2026-01-30T16:56:37.423057Z[0m [32m INFO[0m [2mort::logging[0m[2m:[0m GraphTransformer GemmActivationFusion modified: 0 with status: OK
[2m2026-01-30T16:56:37.423135Z[0m [32m INFO[0m [2mort::logging[0m[2m:[0m GraphTransformer MatMulIntegerToFloatFusion modified: 0 with status: OK
[2m2026-01-30T16:56:37.423212Z[0m [32m INFO[0m [2mort::logging[0m[2m:[0m GraphTransformer DynamicQuantizeMatMulFusion modified: 0 with status: OK
[2m2026-01-30T16:56:37.423315Z[0m [32m INFO[0m [2mort::logging[0m[2m:[0m GraphTransformer ConvActivationFusion modified: 0 with status: OK
[2m2026-01-30T16:56:37.423399Z[0m [32m INFO[0m [2mort::logging[0m[2m:[0m GraphTransformer GeluFusionL2 modified: 0 with status: OK
[2m2026-01-30T16:56:37.423487Z[0m [32m INFO[0m [2mort::logging[0m[2m:[0m GraphTransformer LayerNormFusionL2 modified: 0 with status: OK
[2m2026-01-30T16:56:37.423579Z[0m [32m INFO[0m [2mort::logging[0m[2m:[0m GraphTransformer SimplifiedLayerNormFusion modified: 0 with status: OK
[2m2026-01-30T16:56:37.423671Z[0m [32m INFO[0m [2mort::logging[0m[2m:[0m GraphTransformer AttentionFusion modified: 0 with status: OK
[2m2026-01-30T16:56:37.423764Z[0m [32m INFO[0m [2mort::logging[0m[2m:[0m GraphTransformer EmbedLayerNormFusion modified: 0 with status: OK
[2m2026-01-30T16:56:37.423964Z[0m [32m INFO[0m [2mort::logging[0m[2m:[0m GraphTransformer GatherSliceToSplitFusion modified: 0 with status: OK
[2m2026-01-30T16:56:37.424061Z[0m [32m INFO[0m [2mort::logging[0m[2m:[0m GraphTransformer GatherToSliceFusion modified: 0 with status: OK
[2m2026-01-30T16:56:37.424125Z[0m [32m INFO[0m [2mort::logging[0m[2m:[0m GraphTransformer MatmulTransposeFusion modified: 0 with status: OK
[2m2026-01-30T16:56:37.424209Z[0m [32m INFO[0m [2mort::logging[0m[2m:[0m GraphTransformer BiasGeluFusion modified: 0 with status: OK
[2m2026-01-30T16:56:37.424272Z[0m [32m INFO[0m [2mort::logging[0m[2m:[0m GraphTransformer GroupQueryAttentionFusion modified: 0 with status: OK
[2m2026-01-30T16:56:37.424337Z[0m [32m INFO[0m [2mort::logging[0m[2m:[0m GraphTransformer MatMulAddFusion modified: 0 with status: OK
[2m2026-01-30T16:56:37.424409Z[0m [32m INFO[0m [2mort::logging[0m[2m:[0m GraphTransformer SkipLayerNormFusion modified: 0 with status: OK
[2m2026-01-30T16:56:37.424489Z[0m [32m INFO[0m [2mort::logging[0m[2m:[0m GraphTransformer FastGeluFusion modified: 0 with status: OK
[2m2026-01-30T16:56:37.424573Z[0m [32m INFO[0m [2mort::logging[0m[2m:[0m GraphTransformer QuickGeluFusion modified: 0 with status: OK
[2m2026-01-30T16:56:37.424657Z[0m [32m INFO[0m [2mort::logging[0m[2m:[0m GraphTransformer BiasSoftmaxFusion modified: 0 with status: OK
[2m2026-01-30T16:56:37.424734Z[0m [32m INFO[0m [2mort::logging[0m[2m:[0m GraphTransformer BiasDropoutFusion modified: 0 with status: OK
[2m2026-01-30T16:56:37.424821Z[0m [32m INFO[0m [2mort::logging[0m[2m:[0m GraphTransformer MatMulScaleFusion modified: 0 with status: OK
[2m2026-01-30T16:56:37.424895Z[0m [32m INFO[0m [2mort::logging[0m[2m:[0m GraphTransformer MatMulActivationFusion modified: 0 with status: OK
[2m2026-01-30T16:56:37.424989Z[0m [32m INFO[0m [2mort::logging[0m[2m:[0m GraphTransformer MatMulNBitsFusion modified: 0 with status: OK
[2m2026-01-30T16:56:37.425096Z[0m [32m INFO[0m [2mort::logging[0m[2m:[0m GraphTransformer QDQFinalCleanupTransformer modified: 0 with status: OK
[2m2026-01-30T16:56:37.605649Z[0m [32m INFO[0m [2mort::logging[0m[2m:[0m GraphTransformer NchwcTransformer modified: 1 with status: OK
[2m2026-01-30T16:56:37.607560Z[0m [32m INFO[0m [2mort::logging[0m[2m:[0m Removing initializer 'StatefulPartitionedCall/ResNet34/conv2_block1_2_conv/Conv2D_weights_fused_bn'. It is no longer used by any node.
[2m2026-01-30T16:56:37.607631Z[0m [32m INFO[0m [2mort::logging[0m[2m:[0m Removing initializer 'StatefulPartitionedCall/ResNet34/conv1_conv/Conv2D_weights_fused_bn'. It is no longer used by any node.
[2m2026-01-30T16:56:37.607658Z[0m [32m INFO[0m [2mort::logging[0m[2m:[0m Removing initializer 'StatefulPartitionedCall/ResNet34/conv2_block3_1_conv/Conv2D_weights_fused_bn'. It is no longer used by any node.
[2m2026-01-30T16:56:37.607681Z[0m [32m INFO[0m [2mort::logging[0m[2m:[0m Removing initializer 'StatefulPartitionedCall/ResNet34/conv5_block2_1_conv/Conv2D_weights_fused_bn'. It is no longer used by any node.
[2m2026-01-30T16:56:37.607699Z[0m [32m INFO[0m [2mort::logging[0m[2m:[0m Removing initializer 'StatefulPartitionedCall/ResNet34/conv4_block4_2_conv/Conv2D_weights_fused_bn'. It is no longer used by any node.
[2m2026-01-30T16:56:37.607717Z[0m [32m INFO[0m [2mort::logging[0m[2m:[0m Removing initializer 'StatefulPartitionedCall/ResNet34/conv5_block1_0_conv/Conv2D_weights_fused_bn'. It is no longer used by any node.
[2m2026-01-30T16:56:37.607739Z[0m [32m INFO[0m [2mort::logging[0m[2m:[0m Removing initializer 'StatefulPartitionedCall/ResNet34/conv4_block5_2_conv/Conv2D_weights_fused_bn'. It is no longer used by any node.
[2m2026-01-30T16:56:37.607761Z[0m [32m INFO[0m [2mort::logging[0m[2m:[0m Removing initializer 'StatefulPartitionedCall/ResNet34/conv3_block1_2_conv/Conv2D_weights_fused_bn'. It is no longer used by any node.
[2m2026-01-30T16:56:37.607782Z[0m [32m INFO[0m [2mort::logging[0m[2m:[0m Removing initializer 'StatefulPartitionedCall/ResNet34/conv4_block1_0_conv/Conv2D_weights_fused_bn'. It is no longer used by any node.
[2m2026-01-30T16:56:37.607804Z[0m [32m INFO[0m [2mort::logging[0m[2m:[0m Removing initializer 'StatefulPartitionedCall/ResNet34/conv4_block4_1_conv/Conv2D_weights_fused_bn'. It is no longer used by any node.
[2m2026-01-30T16:56:37.607824Z[0m [32m INFO[0m [2mort::logging[0m[2m:[0m Removing initializer 'StatefulPartitionedCall/ResNet34/conv5_block3_1_conv/Conv2D_weights_fused_bn'. It is no longer used by any node.
[2m2026-01-30T16:56:37.607842Z[0m [32m INFO[0m [2mort::logging[0m[2m:[0m Removing initializer 'StatefulPartitionedCall/ResNet34/conv3_block1_1_conv/Conv2D_weights_fused_bn'. It is no longer used by any node.
[2m2026-01-30T16:56:37.607859Z[0m [32m INFO[0m [2mort::logging[0m[2m:[0m Removing initializer 'StatefulPartitionedCall/ResNet34/conv3_block1_0_conv/Conv2D_weights_fused_bn'. It is no longer used by any node.
[2m2026-01-30T16:56:37.607887Z[0m [32m INFO[0m [2mort::logging[0m[2m:[0m Removing initializer 'StatefulPartitionedCall/ResNet34/conv2_block2_1_conv/Conv2D_weights_fused_bn'. It is no longer used by any node.
[2m2026-01-30T16:56:37.607910Z[0m [32m INFO[0m [2mort::logging[0m[2m:[0m Removing initializer 'StatefulPartitionedCall/ResNet34/conv4_block3_1_conv/Conv2D_weights_fused_bn'. It is no longer used by any node.
[2m2026-01-30T16:56:37.607934Z[0m [32m INFO[0m [2mort::logging[0m[2m:[0m Removing initializer 'StatefulPartitionedCall/ResNet34/conv4_block6_2_conv/Conv2D_weights_fused_bn'. It is no longer used by any node.
[2m2026-01-30T16:56:37.607953Z[0m [32m INFO[0m [2mort::logging[0m[2m:[0m Removing initializer 'StatefulPartitionedCall/ResNet34/conv5_block1_1_conv/Conv2D_weights_fused_bn'. It is no longer used by any node.
[2m2026-01-30T16:56:37.607988Z[0m [32m INFO[0m [2mort::logging[0m[2m:[0m Removing initializer 'StatefulPartitionedCall/ResNet34/conv5_block2_2_conv/Conv2D_weights_fused_bn'. It is no longer used by any node.
[2m2026-01-30T16:56:37.608026Z[0m [32m INFO[0m [2mort::logging[0m[2m:[0m Removing initializer 'StatefulPartitionedCall/ResNet34/conv5_block1_2_conv/Conv2D_weights_fused_bn'. It is no longer used by any node.
[2m2026-01-30T16:56:37.608066Z[0m [32m INFO[0m [2mort::logging[0m[2m:[0m Removing initializer 'StatefulPartitionedCall/ResNet34/conv2_block3_2_conv/Conv2D_weights_fused_bn'. It is no longer used by any node.
[2m2026-01-30T16:56:37.608086Z[0m [32m INFO[0m [2mort::logging[0m[2m:[0m Removing initializer 'StatefulPartitionedCall/ResNet34/conv4_block1_1_conv/Conv2D_weights_fused_bn'. It is no longer used by any node.
[2m2026-01-30T16:56:37.608105Z[0m [32m INFO[0m [2mort::logging[0m[2m:[0m Removing initializer 'StatefulPartitionedCall/ResNet34/conv4_block3_2_conv/Conv2D_weights_fused_bn'. It is no longer used by any node.
[2m2026-01-30T16:56:37.608126Z[0m [32m INFO[0m [2mort::logging[0m[2m:[0m Removing initializer 'StatefulPartitionedCall/ResNet34/conv4_block2_1_conv/Conv2D_weights_fused_bn'. It is no longer used by any node.
[2m2026-01-30T16:56:37.608150Z[0m [32m INFO[0m [2mort::logging[0m[2m:[0m Removing initializer 'StatefulPartitionedCall/ResNet34/conv3_block4_1_conv/Conv2D_weights_fused_bn'. It is no longer used by any node.
[2m2026-01-30T16:56:37.608168Z[0m [32m INFO[0m [2mort::logging[0m[2m:[0m Removing initializer 'StatefulPartitionedCall/ResNet34/conv2_block1_1_conv/Conv2D_weights_fused_bn'. It is no longer used by any node.
[2m2026-01-30T16:56:37.608188Z[0m [32m INFO[0m [2mort::logging[0m[2m:[0m Removing initializer 'StatefulPartitionedCall/ResNet34/conv2_block2_2_conv/Conv2D_weights_fused_bn'. It is no longer used by any node.
[2m2026-01-30T16:56:37.608214Z[0m [32m INFO[0m [2mort::logging[0m[2m:[0m Removing initializer 'StatefulPartitionedCall/ResNet34/conv4_block6_1_conv/Conv2D_weights_fused_bn'. It is no longer used by any node.
[2m2026-01-30T16:56:37.608238Z[0m [32m INFO[0m [2mort::logging[0m[2m:[0m Removing initializer 'StatefulPartitionedCall/ResNet34/conv4_block1_2_conv/Conv2D_weights_fused_bn'. It is no longer used by any node.
[2m2026-01-30T16:56:37.608259Z[0m [32m INFO[0m [2mort::logging[0m[2m:[0m Removing initializer 'StatefulPartitionedCall/ResNet34/conv2_block1_0_conv/Conv2D_weights_fused_bn'. It is no longer used by any node.
[2m2026-01-30T16:56:37.608282Z[0m [32m INFO[0m [2mort::logging[0m[2m:[0m Removing initializer 'StatefulPartitionedCall/ResNet34/conv4_block2_2_conv/Conv2D_weights_fused_bn'. It is no longer used by any node.
[2m2026-01-30T16:56:37.608304Z[0m [32m INFO[0m [2mort::logging[0m[2m:[0m Removing initializer 'StatefulPartitionedCall/ResNet34/conv3_block2_2_conv/Conv2D_weights_fused_bn'. It is no longer used by any node.
[2m2026-01-30T16:56:37.608326Z[0m [32m INFO[0m [2mort::logging[0m[2m:[0m Removing initializer 'StatefulPartitionedCall/ResNet34/conv3_block4_2_conv/Conv2D_weights_fused_bn'. It is no longer used by any node.
[2m2026-01-30T16:56:37.608351Z[0m [32m INFO[0m [2mort::logging[0m[2m:[0m Removing initializer 'StatefulPartitionedCall/ResNet34/conv4_block5_1_conv/Conv2D_weights_fused_bn'. It is no longer used by any node.
[2m2026-01-30T16:56:37.608372Z[0m [32m INFO[0m [2mort::logging[0m[2m:[0m Removing initializer 'StatefulPartitionedCall/ResNet34/conv3_block3_1_conv/Conv2D_weights_fused_bn'. It is no longer used by any node.
[2m2026-01-30T16:56:37.608393Z[0m [32m INFO[0m [2mort::logging[0m[2m:[0m Removing initializer 'StatefulPartitionedCall/ResNet34/conv3_block2_1_conv/Conv2D_weights_fused_bn'. It is no longer used by any node.
[2m2026-01-30T16:56:37.608413Z[0m [32m INFO[0m [2mort::logging[0m[2m:[0m Removing initializer 'StatefulPartitionedCall/ResNet34/conv5_block3_2_conv/Conv2D_weights_fused_bn'. It is no longer used by any node.
[2m2026-01-30T16:56:37.608443Z[0m [32m INFO[0m [2mort::logging[0m[2m:[0m Removing initializer 'StatefulPartitionedCall/ResNet34/conv3_block3_2_conv/Conv2D_weights_fused_bn'. It is no longer used by any node.
[2m2026-01-30T16:56:37.610471Z[0m [32m INFO[0m [2mort::logging[0m[2m:[0m GraphTransformer NhwcTransformer modified: 0 with status: OK
[2m2026-01-30T16:56:37.610621Z[0m [32m INFO[0m [2mort::logging[0m[2m:[0m GraphTransformer ConvAddActivationFusion modified: 0 with status: OK
[2m2026-01-30T16:56:37.610723Z[0m [32m INFO[0m [2mort::logging[0m[2m:[0m GraphTransformer NchwcTransformer modified: 0 with status: OK
[2m2026-01-30T16:56:37.611035Z[0m [32m INFO[0m [2mort::logging[0m[2m:[0m GraphTransformer NhwcTransformer modified: 0 with status: OK
[2m2026-01-30T16:56:37.611168Z[0m [32m INFO[0m [2mort::logging[0m[2m:[0m GraphTransformer ConvAddActivationFusion modified: 0 with status: OK
[2m2026-01-30T16:56:37.611521Z[0m [32m INFO[0m [2mort::logging[0m[2m:[0m GraphTransformer RemoveDuplicateCastTransformer modified: 0 with status: OK
[2m2026-01-30T16:56:37.611551Z[0m [32m INFO[0m [2mort::logging[0m[2m:[0m GraphTransformer CastFloat16Transformer modified: 0 with status: OK
[2m2026-01-30T16:56:37.611575Z[0m [32m INFO[0m [2mort::logging[0m[2m:[0m GraphTransformer MemcpyTransformer modified: 0 with status: OK
[2m2026-01-30T16:56:37.612601Z[0m [32m INFO[0m [2mort::logging[0m[2m:[0m Use DeviceBasedPartition as default
[2m2026-01-30T16:56:37.613774Z[0m [32m INFO[0m [2mort::logging[0m[2m:[0m Saving initialized tensors.
[2m2026-01-30T16:56:37.613848Z[0m [32m INFO[0m [2mort::logging[0m[2m:[0m Extending BFCArena for Cpu. bin_num:13 (requested) num_bytes: 2359296 (actual) rounded_bytes:2359296
[2m2026-01-30T16:56:37.613877Z[0m [32m INFO[0m [2mort::logging[0m[2m:[0m Extended allocation by 4194304 bytes.
[2m2026-01-30T16:56:37.613899Z[0m [32m INFO[0m [2mort::logging[0m[2m:[0m Total allocated bytes: 4194304
[2m2026-01-30T16:56:37.613914Z[0m [32m INFO[0m [2mort::logging[0m[2m:[0m Allocated memory at 0x560b8cb0a400 to 0x560b8cf0a400
[2m2026-01-30T16:56:37.614390Z[0m [32m INFO[0m [2mort::logging[0m[2m:[0m Extending BFCArena for Cpu. bin_num:13 (requested) num_bytes: 2359296 (actual) rounded_bytes:2359296
[2m2026-01-30T16:56:37.614450Z[0m [32m INFO[0m [2mort::logging[0m[2m:[0m Extended allocation by 4194304 bytes.
[2m2026-01-30T16:56:37.614465Z[0m [32m INFO[0m [2mort::logging[0m[2m:[0m Total allocated bytes: 8388608
[2m2026-01-30T16:56:37.614479Z[0m [32m INFO[0m [2mort::logging[0m[2m:[0m Allocated memory at 0x560b8c20a3c0 to 0x560b8c60a3c0
[2m2026-01-30T16:56:37.614955Z[0m [32m INFO[0m [2mort::logging[0m[2m:[0m Extending BFCArena for Cpu. bin_num:13 (requested) num_bytes: 2359296 (actual) rounded_bytes:2359296
[2m2026-01-30T16:56:37.615009Z[0m [32m INFO[0m [2mort::logging[0m[2m:[0m Extended allocation by 8388608 bytes.
[2m2026-01-30T16:56:37.615026Z[0m [32m INFO[0m [2mort::logging[0m[2m:[0m Total allocated bytes: 16777216
[2m2026-01-30T16:56:37.615061Z[0m [32m INFO[0m [2mort::logging[0m[2m:[0m Allocated memory at 0x560b8b00a340 to 0x560b8b80a340
[2m2026-01-30T16:56:37.615601Z[0m [32m INFO[0m [2mort::logging[0m[2m:[0m Extending BFCArena for Cpu. bin_num:15 (requested) num_bytes: 9437184 (actual) rounded_bytes:9437184
[2m2026-01-30T16:56:37.615693Z[0m [32m INFO[0m [2mort::logging[0m[2m:[0m Extended allocation by 16777216 bytes.
[2m2026-01-30T16:56:37.615714Z[0m [32m INFO[0m [2mort::logging[0m[2m:[0m Total allocated bytes: 33554432
[2m2026-01-30T16:56:37.615732Z[0m [32m INFO[0m [2mort::logging[0m[2m:[0m Allocated memory at 0x7f18757fc040 to 0x7f18767fc040
[2m2026-01-30T16:56:37.622614Z[0m [32m INFO[0m [2mort::logging[0m[2m:[0m Extending BFCArena for Cpu. bin_num:13 (requested) num_bytes: 2359296 (actual) rounded_bytes:2359296
[2m2026-01-30T16:56:37.622725Z[0m [32m INFO[0m [2mort::logging[0m[2m:[0m Extended allocation by 33554432 bytes.
[2m2026-01-30T16:56:37.622749Z[0m [32m INFO[0m [2mort::logging[0m[2m:[0m Total allocated bytes: 67108864
[2m2026-01-30T16:56:37.622780Z[0m [32m INFO[0m [2mort::logging[0m[2m:[0m Allocated memory at 0x7f1861fff040 to 0x7f1863fff040
[2m2026-01-30T16:56:37.644456Z[0m [32m INFO[0m [2mort::logging[0m[2m:[0m Extending BFCArena for Cpu. bin_num:13 (requested) num_bytes: 2359296 (actual) rounded_bytes:2359296
[2m2026-01-30T16:56:37.644543Z[0m [32m INFO[0m [2mort::logging[0m[2m:[0m Extended allocation by 67108864 bytes.
[2m2026-01-30T16:56:37.644559Z[0m [32m INFO[0m [2mort::logging[0m[2m:[0m Total allocated bytes: 134217728
[2m2026-01-30T16:56:37.644572Z[0m [32m INFO[0m [2mort::logging[0m[2m:[0m Allocated memory at 0x7f185dffe040 to 0x7f1861ffe040
[2m2026-01-30T16:56:37.672799Z[0m [32m INFO[0m [2mort::logging[0m[2m:[0m Done saving initialized tensors
[2m2026-01-30T16:56:37.673526Z[0m [32m INFO[0m [2mort::logging[0m[2m:[0m Reserving memory in BFCArena for Cpu size: 51380224
[2m2026-01-30T16:56:37.744540Z[0m [32m INFO[0m [2mort::logging[0m[2m:[0m Session successfully initialized.
[2m2026-01-30T16:56:37.744762Z[0m [32m INFO[0m [2mort::logging[0m[2m:[0m Session Options {  execution_mode:0 execution_order:DEFAULT enable_profiling:0 optimized_model_filepath:"" enable_mem_pattern:1 enable_mem_reuse:1 enable_cpu_mem_arena:1 profile_file_prefix:onnxruntime_profile_ session_logid: session_log_severity_level:-1 session_log_verbosity_level:0 max_num_graph_transformation_steps:10 graph_optimization_level:3 intra_op_param:OrtThreadPoolParams { thread_pool_size: 4 auto_set_affinity: 0 allow_spinning: 0 dynamic_block_base_: 0 stack_size: 0 affinity_str:  set_denormal_as_zero: 0 } inter_op_param:OrtThreadPoolParams { thread_pool_size: 0 auto_set_affinity: 0 allow_spinning: 0 dynamic_block_base_: 0 stack_size: 0 affinity_str:  set_denormal_as_zero: 0 } use_per_session_threads:1 thread_pool_allow_spinning:1 use_deterministic_compute:0 ep_selection_policy:0 config_options: {  } }
[2m2026-01-30T16:56:37.744860Z[0m [32m INFO[0m [2mort::logging[0m[2m:[0m Creating and using per session threadpools since use_per_session_threads_ is true
[2m2026-01-30T16:56:37.744893Z[0m [32m INFO[0m [2mort::logging[0m[2m:[0m Dynamic block base set to 0
[2m2026-01-30T16:56:37.763851Z[0m [32m INFO[0m [2mort::logging[0m[2m:[0m Initializing session.
[2m2026-01-30T16:56:37.763904Z[0m [32m INFO[0m [2mort::logging[0m[2m:[0m Adding default CPU execution provider.
[2m2026-01-30T16:56:37.763935Z[0m [32m INFO[0m [2mort::logging[0m[2m:[0m Creating BFCArena for Cpu with following configs: initial_chunk_size_bytes: 1048576 max_dead_bytes_per_chunk: 134217728 initial_growth_chunk_size_bytes: 2097152 max_power_of_two_extend_bytes: 1073741824 memory limit: 18446744073709551615 arena_extend_strategy: 0
[2m2026-01-30T16:56:37.764101Z[0m [32m INFO[0m [2mort::logging[0m[2m:[0m This model does not have any local functions defined. AOT Inlining is not performed
[2m2026-01-30T16:56:37.764177Z[0m [32m INFO[0m [2mort::logging[0m[2m:[0m GraphTransformer EnsureUniqueDQForNodeUnit modified: 0 with status: OK
[2m2026-01-30T16:56:37.764242Z[0m [32m INFO[0m [2mort::logging[0m[2m:[0m GraphTransformer Level1_RuleBasedTransformer modified: 0 with status: OK
[2m2026-01-30T16:56:37.764276Z[0m [32m INFO[0m [2mort::logging[0m[2m:[0m GraphTransformer DoubleQDQPairsRemover modified: 0 with status: OK
[2m2026-01-30T16:56:37.764362Z[0m [32m INFO[0m [2mort::logging[0m[2m:[0m GraphTransformer ConstantSharing modified: 0 with status: OK
[2m2026-01-30T16:56:37.764549Z[0m [32m INFO[0m [2mort::logging[0m[2m:[0m GraphTransformer CommonSubexpressionElimination modified: 0 with status: OK
[2m2026-01-30T16:56:37.764602Z[0m [32m INFO[0m [2mort::logging[0m[2m:[0m GraphTransformer ConstantFolding modified: 0 with status: OK
[2m2026-01-30T16:56:37.764637Z[0m [32m INFO[0m [2mort::logging[0m[2m:[0m GraphTransformer MatMulAddFusion modified: 0 with status: OK
[2m2026-01-30T16:56:37.764705Z[0m [32m INFO[0m [2mort::logging[0m[2m:[0m Fused reshape node: /conv_6_flatten/Reshape_output_0
[2m2026-01-30T16:56:37.764735Z[0m [32m INFO[0m [2mort::logging[0m[2m:[0m Total fused reshape node count: 1
[2m2026-01-30T16:56:37.764749Z[0m [32m INFO[0m [2mort::logging[0m[2m:[0m GraphTransformer ReshapeFusion modified: 1 with status: OK
[2m2026-01-30T16:56:37.765541Z[0m [32m INFO[0m [2mort::logging[0m[2m:[0m Removing initializer '/conv_6_flatten/Constant_1_output_0'. It is no longer used by any node.
[2m2026-01-30T16:56:37.765587Z[0m [32m INFO[0m [2mort::logging[0m[2m:[0m Removing initializer 'onnx::Unsqueeze_629'. It is no longer used by any node.
[2m2026-01-30T16:56:37.765607Z[0m [32m INFO[0m [2mort::logging[0m[2m:[0m Removing initializer '/conv_6_flatten/Constant_output_0'. It is no longer used by any node.
[2m2026-01-30T16:56:37.765658Z[0m [32m INFO[0m [2mort::logging[0m[2m:[0m GraphTransformer FreeDimensionOverrideTransformer modified: 0 with status: OK
[2m2026-01-30T16:56:37.765676Z[0m [32m INFO[0m [2mort::logging[0m[2m:[0m GraphTransformer GeluFusionL1 modified: 0 with status: OK
[2m2026-01-30T16:56:37.765690Z[0m [32m INFO[0m [2mort::logging[0m[2m:[0m GraphTransformer LayerNormFusionL1 modified: 0 with status: OK
[2m2026-01-30T16:56:37.765736Z[0m [32m INFO[0m [2mort::logging[0m[2m:[0m GraphTransformer QDQPropagationTransformer modified: 0 with status: OK
[2m2026-01-30T16:56:37.765785Z[0m [32m INFO[0m [2mort::logging[0m[2m:[0m GraphTransformer WeightBiasQuantization modified: 0 with status: OK
[2m2026-01-30T16:56:37.765833Z[0m [32m INFO[0m [2mort::logging[0m[2m:[0m GraphTransformer EnsureUniqueDQForNodeUnit modified: 0 with status: OK
[2m2026-01-30T16:56:37.765876Z[0m [32m INFO[0m [2mort::logging[0m[2m:[0m GraphTransformer RocmBlasAltImpl modified: 0 with status: OK
[2m2026-01-30T16:56:37.765996Z[0m [32m INFO[0m [2mort::logging[0m[2m:[0m GraphTransformer TransposeOptimizer modified: 0 with status: OK
[2m2026-01-30T16:56:37.766227Z[0m [32m INFO[0m [2mort::logging[0m[2m:[0m GraphTransformer Level1_RuleBasedTransformer modified: 1 with status: OK
[2m2026-01-30T16:56:37.767094Z[0m [32m INFO[0m [2mort::logging[0m[2m:[0m Removing initializer 'onnx::MatMul_839'. It is no longer used by any node.
[2m2026-01-30T16:56:37.767155Z[0m [32m INFO[0m [2mort::logging[0m[2m:[0m Removing initializer 'model.bn.weight'. It is no longer used by any node.
[2m2026-01-30T16:56:37.767183Z[0m [32m INFO[0m [2mort::logging[0m[2m:[0m Removing initializer 'model.bn.running_mean'. It is no longer used by any node.
[2m2026-01-30T16:56:37.767203Z[0m [32m INFO[0m [2mort::logging[0m[2m:[0m Removing initializer 'model.bn.bias'. It is no longer used by any node.
[2m2026-01-30T16:56:37.767221Z[0m [32m INFO[0m [2mort::logging[0m[2m:[0m Removing initializer 'model.bn.running_var'. It is no longer used by any node.
[2m2026-01-30T16:56:37.767312Z[0m [32m INFO[0m [2mort::logging[0m[2m:[0m GraphTransformer DoubleQDQPairsRemover modified: 0 with status: OK
[2m2026-01-30T16:56:37.767578Z[0m [32m INFO[0m [2mort::logging[0m[2m:[0m GraphTransformer CommonSubexpressionElimination modified: 0 with status: OK
[2m2026-01-30T16:56:37.767678Z[0m [32m INFO[0m [2mort::logging[0m[2m:[0m GraphTransformer ConstantFolding modified: 0 with status: OK
[2m2026-01-30T16:56:37.767742Z[0m [32m INFO[0m [2mort::logging[0m[2m:[0m GraphTransformer MatMulAddFusion modified: 0 with status: OK
[2m2026-01-30T16:56:37.767798Z[0m [32m INFO[0m [2mort::logging[0m[2m:[0m GraphTransformer ReshapeFusion modified: 0 with status: OK
[2m2026-01-30T16:56:37.767822Z[0m [32m INFO[0m [2mort::logging[0m[2m:[0m GraphTransformer FreeDimensionOverrideTransformer modified: 0 with status: OK
[2m2026-01-30T16:56:37.767840Z[0m [32m INFO[0m [2mort::logging[0m[2m:[0m GraphTransformer GeluFusionL1 modified: 0 with status: OK
[2m2026-01-30T16:56:37.767865Z[0m [32m INFO[0m [2mort::logging[0m[2m:[0m GraphTransformer LayerNormFusionL1 modified: 0 with status: OK
[2m2026-01-30T16:56:37.767920Z[0m [32m INFO[0m [2mort::logging[0m[2m:[0m GraphTransformer QDQPropagationTransformer modified: 0 with status: OK
[2m2026-01-30T16:56:37.767989Z[0m [32m INFO[0m [2mort::logging[0m[2m:[0m GraphTransformer WeightBiasQuantization modified: 0 with status: OK
[2m2026-01-30T16:56:37.768031Z[0m [32m INFO[0m [2mort::logging[0m[2m:[0m GraphTransformer EnsureUniqueDQForNodeUnit modified: 0 with status: OK
[2m2026-01-30T16:56:37.768087Z[0m [32m INFO[0m [2mort::logging[0m[2m:[0m GraphTransformer RocmBlasAltImpl modified: 0 with status: OK
[2m2026-01-30T16:56:37.768140Z[0m [32m INFO[0m [2mort::logging[0m[2m:[0m GraphTransformer Level1_RuleBasedTransformer modified: 0 with status: OK
[2m2026-01-30T16:56:37.768173Z[0m [32m INFO[0m [2mort::logging[0m[2m:[0m GraphTransformer DoubleQDQPairsRemover modified: 0 with status: OK
[2m2026-01-30T16:56:37.768335Z[0m [32m INFO[0m [2mort::logging[0m[2m:[0m GraphTransformer CommonSubexpressionElimination modified: 0 with status: OK
[2m2026-01-30T16:56:37.768387Z[0m [32m INFO[0m [2mort::logging[0m[2m:[0m GraphTransformer ConstantFolding modified: 0 with status: OK
[2m2026-01-30T16:56:37.768423Z[0m [32m INFO[0m [2mort::logging[0m[2m:[0m GraphTransformer MatMulAddFusion modified: 0 with status: OK
[2m2026-01-30T16:56:37.768456Z[0m [32m INFO[0m [2mort::logging[0m[2m:[0m GraphTransformer ReshapeFusion modified: 0 with status: OK
[2m2026-01-30T16:56:37.768474Z[0m [32m INFO[0m [2mort::logging[0m[2m:[0m GraphTransformer FreeDimensionOverrideTransformer modified: 0 with status: OK
[2m2026-01-30T16:56:37.768489Z[0m [32m INFO[0m [2mort::logging[0m[2m:[0m GraphTransformer GeluFusionL1 modified: 0 with status: OK
[2m2026-01-30T16:56:37.768503Z[0m [32m INFO[0m [2mort::logging[0m[2m:[0m GraphTransformer LayerNormFusionL1 modified: 0 with status: OK
[2m2026-01-30T16:56:37.768542Z[0m [32m INFO[0m [2mort::logging[0m[2m:[0m GraphTransformer QDQPropagationTransformer modified: 0 with status: OK
[2m2026-01-30T16:56:37.768584Z[0m [32m INFO[0m [2mort::logging[0m[2m:[0m GraphTransformer WeightBiasQuantization modified: 0 with status: OK
[2m2026-01-30T16:56:37.768618Z[0m [32m INFO[0m [2mort::logging[0m[2m:[0m GraphTransformer EnsureUniqueDQForNodeUnit modified: 0 with status: OK
[2m2026-01-30T16:56:37.768649Z[0m [32m INFO[0m [2mort::logging[0m[2m:[0m GraphTransformer RocmBlasAltImpl modified: 0 with status: OK
[2m2026-01-30T16:56:37.769573Z[0m [32m INFO[0m [2mort::logging[0m[2m:[0m Running graph optimizations in loop 1 time/s (Graph Optimizations Loop Level : 1)
[2m2026-01-30T16:56:37.769655Z[0m [32m INFO[0m [2mort::logging[0m[2m:[0m GraphTransformer Level2_RuleBasedTransformer modified: 0 with status: OK
[2m2026-01-30T16:56:37.769786Z[0m [32m INFO[0m [2mort::logging[0m[2m:[0m GraphTransformer TransposeOptimizer_CPUExecutionProvider modified: 0 with status: OK
[2m2026-01-30T16:56:37.769826Z[0m [32m INFO[0m [2mort::logging[0m[2m:[0m GraphTransformer QDQS8ToU8Transformer modified: 0 with status: OK
[2m2026-01-30T16:56:37.769898Z[0m [32m INFO[0m [2mort::logging[0m[2m:[0m GraphTransformer QDQSelectorActionTransformer modified: 0 with status: OK
[2m2026-01-30T16:56:37.769934Z[0m [32m INFO[0m [2mort::logging[0m[2m:[0m GraphTransformer GemmActivationFusion modified: 0 with status: OK
[2m2026-01-30T16:56:37.769968Z[0m [32m INFO[0m [2mort::logging[0m[2m:[0m GraphTransformer MatMulIntegerToFloatFusion modified: 0 with status: OK
[2m2026-01-30T16:56:37.770001Z[0m [32m INFO[0m [2mort::logging[0m[2m:[0m GraphTransformer DynamicQuantizeMatMulFusion modified: 0 with status: OK
[2m2026-01-30T16:56:37.770124Z[0m [32m INFO[0m [2mort::logging[0m[2m:[0m GraphTransformer ConvActivationFusion modified: 1 with status: OK
[2m2026-01-30T16:56:37.770873Z[0m [32m INFO[0m [2mort::logging[0m[2m:[0m GraphTransformer GeluFusionL2 modified: 0 with status: OK
[2m2026-01-30T16:56:37.770923Z[0m [32m INFO[0m [2mort::logging[0m[2m:[0m GraphTransformer LayerNormFusionL2 modified: 0 with status: OK
[2m2026-01-30T16:56:37.770969Z[0m [32m INFO[0m [2mort::logging[0m[2m:[0m GraphTransformer SimplifiedLayerNormFusion modified: 0 with status: OK
[2m2026-01-30T16:56:37.771001Z[0m [32m INFO[0m [2mort::logging[0m[2m:[0m GraphTransformer AttentionFusion modified: 0 with status: OK
[2m2026-01-30T16:56:37.771033Z[0m [32m INFO[0m [2mort::logging[0m[2m:[0m GraphTransformer EmbedLayerNormFusion modified: 0 with status: OK
[2m2026-01-30T16:56:37.771094Z[0m [32m INFO[0m [2mort::logging[0m[2m:[0m GraphTransformer GatherSliceToSplitFusion modified: 0 with status: OK
[2m2026-01-30T16:56:37.771127Z[0m [32m INFO[0m [2mort::logging[0m[2m:[0m GraphTransformer GatherToSliceFusion modified: 0 with status: OK
[2m2026-01-30T16:56:37.771161Z[0m [32m INFO[0m [2mort::logging[0m[2m:[0m GraphTransformer MatmulTransposeFusion modified: 0 with status: OK
[2m2026-01-30T16:56:37.771194Z[0m [32m INFO[0m [2mort::logging[0m[2m:[0m GraphTransformer BiasGeluFusion modified: 0 with status: OK
[2m2026-01-30T16:56:37.771226Z[0m [32m INFO[0m [2mort::logging[0m[2m:[0m GraphTransformer GroupQueryAttentionFusion modified: 0 with status: OK
[2m2026-01-30T16:56:37.771258Z[0m [32m INFO[0m [2mort::logging[0m[2m:[0m GraphTransformer MatMulAddFusion modified: 0 with status: OK
[2m2026-01-30T16:56:37.771289Z[0m [32m INFO[0m [2mort::logging[0m[2m:[0m GraphTransformer SkipLayerNormFusion modified: 0 with status: OK
[2m2026-01-30T16:56:37.771325Z[0m [32m INFO[0m [2mort::logging[0m[2m:[0m GraphTransformer FastGeluFusion modified: 0 with status: OK
[2m2026-01-30T16:56:37.771359Z[0m [32m INFO[0m [2mort::logging[0m[2m:[0m GraphTransformer QuickGeluFusion modified: 0 with status: OK
[2m2026-01-30T16:56:37.771393Z[0m [32m INFO[0m [2mort::logging[0m[2m:[0m GraphTransformer BiasSoftmaxFusion modified: 0 with status: OK
[2m2026-01-30T16:56:37.771424Z[0m [32m INFO[0m [2mort::logging[0m[2m:[0m GraphTransformer BiasDropoutFusion modified: 0 with status: OK
[2m2026-01-30T16:56:37.771465Z[0m [32m INFO[0m [2mort::logging[0m[2m:[0m GraphTransformer MatMulScaleFusion modified: 0 with status: OK
[2m2026-01-30T16:56:37.771496Z[0m [32m INFO[0m [2mort::logging[0m[2m:[0m GraphTransformer MatMulActivationFusion modified: 0 with status: OK
[2m2026-01-30T16:56:37.771536Z[0m [32m INFO[0m [2mort::logging[0m[2m:[0m GraphTransformer MatMulNBitsFusion modified: 0 with status: OK
[2m2026-01-30T16:56:37.771573Z[0m [32m INFO[0m [2mort::logging[0m[2m:[0m GraphTransformer QDQFinalCleanupTransformer modified: 0 with status: OK
[2m2026-01-30T16:56:37.771606Z[0m [32m INFO[0m [2mort::logging[0m[2m:[0m GraphTransformer Level2_RuleBasedTransformer modified: 0 with status: OK
[2m2026-01-30T16:56:37.771640Z[0m [32m INFO[0m [2mort::logging[0m[2m:[0m GraphTransformer QDQS8ToU8Transformer modified: 0 with status: OK
[2m2026-01-30T16:56:37.771701Z[0m [32m INFO[0m [2mort::logging[0m[2m:[0m GraphTransformer QDQSelectorActionTransformer modified: 0 with status: OK
[2m2026-01-30T16:56:37.771735Z[0m [32m INFO[0m [2mort::logging[0m[2m:[0m GraphTransformer GemmActivationFusion modified: 0 with status: OK
[2m2026-01-30T16:56:37.771767Z[0m [32m INFO[0m [2mort::logging[0m[2m:[0m GraphTransformer MatMulIntegerToFloatFusion modified: 0 with status: OK
[2m2026-01-30T16:56:37.771801Z[0m [32m INFO[0m [2mort::logging[0m[2m:[0m GraphTransformer DynamicQuantizeMatMulFusion modified: 0 with status: OK
[2m2026-01-30T16:56:37.771847Z[0m [32m INFO[0m [2mort::logging[0m[2m:[0m GraphTransformer ConvActivationFusion modified: 0 with status: OK
[2m2026-01-30T16:56:37.771879Z[0m [32m INFO[0m [2mort::logging[0m[2m:[0m GraphTransformer GeluFusionL2 modified: 0 with status: OK
[2m2026-01-30T16:56:37.771915Z[0m [32m INFO[0m [2mort::logging[0m[2m:[0m GraphTransformer LayerNormFusionL2 modified: 0 with status: OK
[2m2026-01-30T16:56:37.771951Z[0m [32m INFO[0m [2mort::logging[0m[2m:[0m GraphTransformer SimplifiedLayerNormFusion modified: 0 with status: OK
[2m2026-01-30T16:56:37.771982Z[0m [32m INFO[0m [2mort::logging[0m[2m:[0m GraphTransformer AttentionFusion modified: 0 with status: OK
[2m2026-01-30T16:56:37.772011Z[0m [32m INFO[0m [2mort::logging[0m[2m:[0m GraphTransformer EmbedLayerNormFusion modified: 0 with status: OK
[2m2026-01-30T16:56:37.772081Z[0m [32m INFO[0m [2mort::logging[0m[2m:[0m GraphTransformer GatherSliceToSplitFusion modified: 0 with status: OK
[2m2026-01-30T16:56:37.772121Z[0m [32m INFO[0m [2mort::logging[0m[2m:[0m GraphTransformer GatherToSliceFusion modified: 0 with status: OK
[2m2026-01-30T16:56:37.772159Z[0m [32m INFO[0m [2mort::logging[0m[2m:[0m GraphTransformer MatmulTransposeFusion modified: 0 with status: OK
[2m2026-01-30T16:56:37.772196Z[0m [32m INFO[0m [2mort::logging[0m[2m:[0m GraphTransformer BiasGeluFusion modified: 0 with status: OK
[2m2026-01-30T16:56:37.772232Z[0m [32m INFO[0m [2mort::logging[0m[2m:[0m GraphTransformer GroupQueryAttentionFusion modified: 0 with status: OK
[2m2026-01-30T16:56:37.772268Z[0m [32m INFO[0m [2mort::logging[0m[2m:[0m GraphTransformer MatMulAddFusion modified: 0 with status: OK
[2m2026-01-30T16:56:37.772303Z[0m [32m INFO[0m [2mort::logging[0m[2m:[0m GraphTransformer SkipLayerNormFusion modified: 0 with status: OK
[2m2026-01-30T16:56:37.772342Z[0m [32m INFO[0m [2mort::logging[0m[2m:[0m GraphTransformer FastGeluFusion modified: 0 with status: OK
[2m2026-01-30T16:56:37.772379Z[0m [32m INFO[0m [2mort::logging[0m[2m:[0m GraphTransformer QuickGeluFusion modified: 0 with status: OK
[2m2026-01-30T16:56:37.772417Z[0m [32m INFO[0m [2mort::logging[0m[2m:[0m GraphTransformer BiasSoftmaxFusion modified: 0 with status: OK
[2m2026-01-30T16:56:37.772453Z[0m [32m INFO[0m [2mort::logging[0m[2m:[0m GraphTransformer BiasDropoutFusion modified: 0 with status: OK
[2m2026-01-30T16:56:37.772493Z[0m [32m INFO[0m [2mort::logging[0m[2m:[0m GraphTransformer MatMulScaleFusion modified: 0 with status: OK
[2m2026-01-30T16:56:37.772529Z[0m [32m INFO[0m [2mort::logging[0m[2m:[0m GraphTransformer MatMulActivationFusion modified: 0 with status: OK
[2m2026-01-30T16:56:37.772570Z[0m [32m INFO[0m [2mort::logging[0m[2m:[0m GraphTransformer MatMulNBitsFusion modified: 0 with status: OK
[2m2026-01-30T16:56:37.772607Z[0m [32m INFO[0m [2mort::logging[0m[2m:[0m GraphTransformer QDQFinalCleanupTransformer modified: 0 with status: OK
[2m2026-01-30T16:56:37.773985Z[0m [32m INFO[0m [2mort::logging[0m[2m:[0m GraphTransformer NchwcTransformer modified: 1 with status: OK
[2m2026-01-30T16:56:37.775339Z[0m [32m INFO[0m [2mort::logging[0m[2m:[0m Removing initializer 'onnx::Conv_707'. It is no longer used by any node.
[2m2026-01-30T16:56:37.775402Z[0m [32m INFO[0m [2mort::logging[0m[2m:[0m Removing initializer 'onnx::Conv_699'. It is no longer used by any node.
[2m2026-01-30T16:56:37.775429Z[0m [32m INFO[0m [2mort::logging[0m[2m:[0m Removing initializer 'onnx::Conv_764'. It is no longer used by any node.
[2m2026-01-30T16:56:37.775452Z[0m [32m INFO[0m [2mort::logging[0m[2m:[0m Removing initializer 'onnx::Conv_771'. It is no longer used by any node.
[2m2026-01-30T16:56:37.775469Z[0m [32m INFO[0m [2mort::logging[0m[2m:[0m Removing initializer 'onnx::Conv_768'. It is no longer used by any node.
[2m2026-01-30T16:56:37.775485Z[0m [32m INFO[0m [2mort::logging[0m[2m:[0m Removing initializer 'onnx::Conv_666'. It is no longer used by any node.
[2m2026-01-30T16:56:37.775501Z[0m [32m INFO[0m [2mort::logging[0m[2m:[0m Removing initializer 'onnx::Conv_722'. It is no longer used by any node.
[2m2026-01-30T16:56:37.775517Z[0m [32m INFO[0m [2mort::logging[0m[2m:[0m Removing initializer 'onnx::Conv_752'. It is no longer used by any node.
[2m2026-01-30T16:56:37.775538Z[0m [32m INFO[0m [2mort::logging[0m[2m:[0m Removing initializer 'onnx::Conv_695'. It is no longer used by any node.
[2m2026-01-30T16:56:37.775571Z[0m [32m INFO[0m [2mort::logging[0m[2m:[0m Removing initializer 'onnx::Conv_761'. It is no longer used by any node.
[2m2026-01-30T16:56:37.775614Z[0m [32m INFO[0m [2mort::logging[0m[2m:[0m Removing initializer 'onnx::Conv_684'. It is no longer used by any node.
[2m2026-01-30T16:56:37.775637Z[0m [32m INFO[0m [2mort::logging[0m[2m:[0m Removing initializer 'onnx::Conv_656'. It is no longer used by any node.
[2m2026-01-30T16:56:37.775660Z[0m [32m INFO[0m [2mort::logging[0m[2m:[0m Removing initializer 'onnx::Conv_675'. It is no longer used by any node.
[2m2026-01-30T16:56:37.775681Z[0m [32m INFO[0m [2mort::logging[0m[2m:[0m Removing initializer 'onnx::Conv_797'. It is no longer used by any node.
[2m2026-01-30T16:56:37.775704Z[0m [32m INFO[0m [2mort::logging[0m[2m:[0m Removing initializer 'onnx::Conv_648'. It is no longer used by any node.
[2m2026-01-30T16:56:37.775725Z[0m [32m INFO[0m [2mort::logging[0m[2m:[0m Removing initializer 'onnx::Conv_657'. It is no longer used by any node.
[2m2026-01-30T16:56:37.775747Z[0m [32m INFO[0m [2mort::logging[0m[2m:[0m Removing initializer 'onnx::Conv_794'. It is no longer used by any node.
[2m2026-01-30T16:56:37.775769Z[0m [32m INFO[0m [2mort::logging[0m[2m:[0m Removing initializer 'onnx::Conv_708'. It is no longer used by any node.
[2m2026-01-30T16:56:37.775792Z[0m [32m INFO[0m [2mort::logging[0m[2m:[0m Removing initializer 'onnx::Conv_644'. It is no longer used by any node.
[2m2026-01-30T16:56:37.775814Z[0m [32m INFO[0m [2mort::logging[0m[2m:[0m Removing initializer 'onnx::Conv_647'. It is no longer used by any node.
[2m2026-01-30T16:56:37.775838Z[0m [32m INFO[0m [2mort::logging[0m[2m:[0m Removing initializer 'onnx::Conv_665'. It is no longer used by any node.
[2m2026-01-30T16:56:37.775859Z[0m [32m INFO[0m [2mort::logging[0m[2m:[0m Removing initializer 'onnx::Conv_674'. It is no longer used by any node.
[2m2026-01-30T16:56:37.775880Z[0m [32m INFO[0m [2mort::logging[0m[2m:[0m Removing initializer 'onnx::Conv_719'. It is no longer used by any node.
[2m2026-01-30T16:56:37.775906Z[0m [32m INFO[0m [2mort::logging[0m[2m:[0m Removing initializer 'onnx::Conv_770'. It is no longer used by any node.
[2m2026-01-30T16:56:37.775933Z[0m [32m INFO[0m [2mort::logging[0m[2m:[0m Removing initializer 'onnx::Conv_726'. It is no longer used by any node.
[2m2026-01-30T16:56:37.775955Z[0m [32m INFO[0m [2mort::logging[0m[2m:[0m Removing initializer 'onnx::Conv_735'. It is no longer used by any node.
[2m2026-01-30T16:56:37.775979Z[0m [32m INFO[0m [2mort::logging[0m[2m:[0m Removing initializer 'onnx::Conv_743'. It is no longer used by any node.
[2m2026-01-30T16:56:37.776004Z[0m [32m INFO[0m [2mort::logging[0m[2m:[0m Removing initializer 'onnx::Conv_744'. It is no longer used by any node.
[2m2026-01-30T16:56:37.776022Z[0m [32m INFO[0m [2mort::logging[0m[2m:[0m Removing initializer 'onnx::Conv_698'. It is no longer used by any node.
[2m2026-01-30T16:56:37.776052Z[0m [32m INFO[0m [2mort::logging[0m[2m:[0m Removing initializer 'onnx::Conv_734'. It is no longer used by any node.
[2m2026-01-30T16:56:37.776076Z[0m [32m INFO[0m [2mort::logging[0m[2m:[0m Removing initializer 'onnx::Conv_753'. It is no longer used by any node.
[2m2026-01-30T16:56:37.776097Z[0m [32m INFO[0m [2mort::logging[0m[2m:[0m Removing initializer 'onnx::Conv_720'. It is no longer used by any node.
[2m2026-01-30T16:56:37.776122Z[0m [32m INFO[0m [2mort::logging[0m[2m:[0m Removing initializer 'onnx::Conv_767'. It is no longer used by any node.
[2m2026-01-30T16:56:37.776148Z[0m [32m INFO[0m [2mort::logging[0m[2m:[0m Removing initializer 'onnx::Conv_773'. It is no longer used by any node.
[2m2026-01-30T16:56:37.776173Z[0m [32m INFO[0m [2mort::logging[0m[2m:[0m Removing initializer 'onnx::Conv_683'. It is no longer used by any node.
[2m2026-01-30T16:56:37.776204Z[0m [32m INFO[0m [2mort::logging[0m[2m:[0m Removing initializer 'onnx::Conv_776'. It is no longer used by any node.
[2m2026-01-30T16:56:37.776236Z[0m [32m INFO[0m [2mort::logging[0m[2m:[0m Removing initializer 'onnx::Conv_777'. It is no longer used by any node.
[2m2026-01-30T16:56:37.776260Z[0m [32m INFO[0m [2mort::logging[0m[2m:[0m Removing initializer 'onnx::Conv_641'. It is no longer used by any node.
[2m2026-01-30T16:56:37.776282Z[0m [32m INFO[0m [2mort::logging[0m[2m:[0m Removing initializer 'onnx::Conv_725'. It is no longer used by any node.
[2m2026-01-30T16:56:37.776305Z[0m [32m INFO[0m [2mort::logging[0m[2m:[0m Removing initializer 'onnx::Conv_785'. It is no longer used by any node.
[2m2026-01-30T16:56:37.776326Z[0m [32m INFO[0m [2mort::logging[0m[2m:[0m Removing initializer 'onnx::Conv_786'. It is no longer used by any node.
[2m2026-01-30T16:56:37.776352Z[0m [32m INFO[0m [2mort::logging[0m[2m:[0m Removing initializer 'onnx::Conv_692'. It is no longer used by any node.
[2m2026-01-30T16:56:37.776377Z[0m [32m INFO[0m [2mort::logging[0m[2m:[0m Removing initializer 'onnx::Conv_800'. It is no longer used by any node.
[2m2026-01-30T16:56:37.776399Z[0m [32m INFO[0m [2mort::logging[0m[2m:[0m Removing initializer 'onnx::Conv_803'. It is no longer used by any node.
[2m2026-01-30T16:56:37.776423Z[0m [32m INFO[0m [2mort::logging[0m[2m:[0m Removing initializer 'onnx::Conv_716'. It is no longer used by any node.
[2m2026-01-30T16:56:37.776445Z[0m [32m INFO[0m [2mort::logging[0m[2m:[0m Removing initializer 'onnx::Conv_717'. It is no longer used by any node.
[2m2026-01-30T16:56:37.776890Z[0m [32m INFO[0m [2mort::logging[0m[2m:[0m GraphTransformer NhwcTransformer modified: 0 with status: OK
[2m2026-01-30T16:56:37.777080Z[0m [32m INFO[0m [2mort::logging[0m[2m:[0m GraphTransformer ConvAddActivationFusion modified: 1 with status: OK
[2m2026-01-30T16:56:37.778659Z[0m [32m INFO[0m [2mort::logging[0m[2m:[0m GraphTransformer NchwcTransformer modified: 0 with status: OK
[2m2026-01-30T16:56:37.778893Z[0m [32m INFO[0m [2mort::logging[0m[2m:[0m GraphTransformer NhwcTransformer modified: 0 with status: OK
[2m2026-01-30T16:56:37.779000Z[0m [32m INFO[0m [2mort::logging[0m[2m:[0m GraphTransformer ConvAddActivationFusion modified: 0 with status: OK
[2m2026-01-30T16:56:37.779259Z[0m [32m INFO[0m [2mort::logging[0m[2m:[0m GraphTransformer RemoveDuplicateCastTransformer modified: 0 with status: OK
[2m2026-01-30T16:56:37.779288Z[0m [32m INFO[0m [2mort::logging[0m[2m:[0m GraphTransformer CastFloat16Transformer modified: 0 with status: OK
[2m2026-01-30T16:56:37.779312Z[0m [32m INFO[0m [2mort::logging[0m[2m:[0m GraphTransformer MemcpyTransformer modified: 0 with status: OK
[2m2026-01-30T16:56:37.779810Z[0m [32m INFO[0m [2mort::logging[0m[2m:[0m Use DeviceBasedPartition as default
[2m2026-01-30T16:56:37.781492Z[0m [32m INFO[0m [2mort::logging[0m[2m:[0m Saving initialized tensors.
[2m2026-01-30T16:56:37.781626Z[0m [32m INFO[0m [2mort::logging[0m[2m:[0m Extending BFCArena for Cpu. bin_num:0 (requested) num_bytes: 224 (actual) rounded_bytes:256
[2m2026-01-30T16:56:37.781661Z[0m [32m INFO[0m [2mort::logging[0m[2m:[0m Extended allocation by 1048576 bytes.
[2m2026-01-30T16:56:37.781679Z[0m [32m INFO[0m [2mort::logging[0m[2m:[0m Total allocated bytes: 1048576
[2m2026-01-30T16:56:37.781694Z[0m [32m INFO[0m [2mort::logging[0m[2m:[0m Allocated memory at 0x560b8ef7f180 to 0x560b8f07f180
[2m2026-01-30T16:56:37.782218Z[0m [32m INFO[0m [2mort::logging[0m[2m:[0m Extending BFCArena for Cpu. bin_num:6 (requested) num_bytes: 28672 (actual) rounded_bytes:28672
[2m2026-01-30T16:56:37.782264Z[0m [32m INFO[0m [2mort::logging[0m[2m:[0m Extended allocation by 2097152 bytes.
[2m2026-01-30T16:56:37.782279Z[0m [32m INFO[0m [2mort::logging[0m[2m:[0m Total allocated bytes: 3145728
[2m2026-01-30T16:56:37.782306Z[0m [32m INFO[0m [2mort::logging[0m[2m:[0m Allocated memory at 0x560b8e20a680 to 0x560b8e40a680
[2m2026-01-30T16:56:37.782538Z[0m [32m INFO[0m [2mort::logging[0m[2m:[0m Done saving initialized tensors
[2m2026-01-30T16:56:37.782999Z[0m [32m INFO[0m [2mort::logging[0m[2m:[0m Reserving memory in BFCArena for Cpu size: 8192
[2m2026-01-30T16:56:37.783064Z[0m [32m INFO[0m [2mort::logging[0m[2m:[0m Reserving memory in BFCArena for Cpu size: 262144
[2m2026-01-30T16:56:37.783397Z[0m [32m INFO[0m [2mort::logging[0m[2m:[0m Session successfully initialized.
[2m2026-01-30T16:56:37.783518Z[0m [32m INFO[0m [2mvision_worker[0m[2m:[0m Успешно загружено с CUDA!
[2m2026-01-30T16:56:37.783597Z[0m [32m INFO[0m [2mvision_worker[0m[2m:[0m Vision Worker слушает на 0.0.0.0:50052 (Provider: CUDA)
[2m2026-01-30T18:18:24.513149Z[0m [32m INFO[0m [2mort::logging[0m[2m:[0m Extending BFCArena for Cpu. bin_num:12 (requested) num_bytes: 1703936 (actual) rounded_bytes:1703936
[2m2026-01-30T18:18:24.513826Z[0m [32m INFO[0m [2mort::logging[0m[2m:[0m Extended allocation by 4194304 bytes.
[2m2026-01-30T18:18:24.513867Z[0m [32m INFO[0m [2mort::logging[0m[2m:[0m Total allocated bytes: 7610368
[2m2026-01-30T18:18:24.513886Z[0m [32m INFO[0m [2mort::logging[0m[2m:[0m Allocated memory at 0x7f188c244dc0 to 0x7f188c644dc0
[2m2026-01-30T18:18:25.390409Z[0m [32m INFO[0m [2mort::logging[0m[2m:[0m Extending BFCArena for Cpu. bin_num:14 (requested) num_bytes: 4440064 (actual) rounded_bytes:4440064
[2m2026-01-30T18:18:25.390500Z[0m [32m INFO[0m [2mort::logging[0m[2m:[0m Extended allocation by 8388608 bytes.
[2m2026-01-30T18:18:25.390522Z[0m [32m INFO[0m [2mort::logging[0m[2m:[0m Total allocated bytes: 15998976
[2m2026-01-30T18:18:25.390541Z[0m [32m INFO[0m [2mort::logging[0m[2m:[0m Allocated memory at 0x7f188c664e00 to 0x7f188ce64e00
